{
  "RSpec": {
    "coverage": {
      "/Users/rebeccamulugeta/Projects/Raindrops/spec/raindrops_spec.rb": [
        1,
        1,
        13,
        null,
        1,
        1,
        1,
        null,
        1,
        1,
        null,
        1,
        2,
        null,
        1,
        2,
        null,
        1,
        1,
        null,
        null,
        1,
        1,
        1,
        null,
        1,
        1,
        null,
        1,
        1,
        null,
        1,
        1,
        null,
        null,
        null,
        1,
        1,
        1,
        null,
        1,
        1,
        null,
        1,
        1,
        null,
        1,
        1,
        null,
        null,
        null,
        null
      ],
      "/Users/rebeccamulugeta/Projects/Raindrops/lib/raindrops.rb": [
        1,
        1,
        11,
        11,
        10,
        null,
        9,
        9,
        1,
        8,
        1,
        7,
        1,
        6,
        1,
        5,
        1,
        4,
        1,
        3,
        1,
        null,
        2,
        null,
        9,
        null,
        null
      ]
    },
    "timestamp": 1550421521
  }
}
