{
  "RSpec": {
    "coverage": {
      "/Users/rebeccamulugeta/Projects/Raindrops/spec/raindrops_spec.rb": [
        1,
        1,
        13,
        null,
        1,
        1,
        1,
        null,
        1,
        1,
        null,
        1,
        null,
        2,
        null,
        1,
        2,
        null,
        1,
        1,
        null,
        null,
        1,
        1,
        1,
        null,
        1,
        1,
        null,
        1,
        1,
        null,
        1,
        1,
        null,
        null,
        null,
        1,
        1,
        1,
        null,
        1,
        1,
        null,
        1,
        1,
        null,
        1,
        1,
        null,
        null,
        null,
        null
      ],
      "/Users/rebeccamulugeta/Projects/Raindrops/lib/raindrops.rb": [
        1,
        null,
        null,
        null,
        null,
        null,
        null,
        null,
        null,
        null,
        null,
        null,
        null,
        null,
        null,
        null,
        null,
        null,
        null,
        null,
        null,
        null,
        null,
        null,
        null,
        null,
        null,
        null,
        1,
        10,
        10,
        9,
        null,
        null,
        1,
        9,
        9,
        9,
        9,
        9,
        9,
        9,
        null,
        null,
        null,
        1,
        11,
        null,
        null,
        1,
        10,
        null,
        null
      ]
    },
    "timestamp": 1550431783
  }
}
